<?xml version="1.0" encoding="UTF-8"?>
<testsuite name="com.example.web.IndexControllerTest" tests="1" skipped="0" failures="0" errors="0" timestamp="2020-04-11T06:20:15" hostname="DESKTOP-EBC4388" time="0.188">
  <properties/>
  <testcase name="index_loading" classname="com.example.web.IndexControllerTest" time="0.188"/>
  <system-out><![CDATA[2020-04-11 15:20:15.321  INFO 2496 --- [    Test worker] .b.t.c.SpringBootTestContextBootstrapper : Neither @ContextConfiguration nor @ContextHierarchy found for test class [com.example.web.IndexControllerTest], using SpringBootContextLoader
2020-04-11 15:20:15.321  INFO 2496 --- [    Test worker] o.s.t.c.support.AbstractContextLoader    : Could not detect default resource locations for test class [com.example.web.IndexControllerTest]: no resource found for suffixes {-context.xml, Context.groovy}.
2020-04-11 15:20:15.322  INFO 2496 --- [    Test worker] t.c.s.AnnotationConfigContextLoaderUtils : Could not detect default configuration classes for test class [com.example.web.IndexControllerTest]: IndexControllerTest does not declare any static, non-private, non-final, nested classes annotated with @Configuration.
2020-04-11 15:20:15.323  INFO 2496 --- [    Test worker] .b.t.c.SpringBootTestContextBootstrapper : Found @SpringBootConfiguration com.example.Application for test class com.example.web.IndexControllerTest
2020-04-11 15:20:15.325  INFO 2496 --- [    Test worker] .b.t.c.SpringBootTestContextBootstrapper : Loaded default TestExecutionListener class names from location [META-INF/spring.factories]: [org.springframework.security.test.context.support.WithSecurityContextTestExecutionListener, org.springframework.security.test.context.support.ReactorContextTestExecutionListener, org.springframework.boot.test.autoconfigure.restdocs.RestDocsTestExecutionListener, org.springframework.boot.test.autoconfigure.web.client.MockRestServiceServerResetTestExecutionListener, org.springframework.boot.test.autoconfigure.web.servlet.MockMvcPrintOnlyOnFailureTestExecutionListener, org.springframework.boot.test.autoconfigure.web.servlet.WebDriverTestExecutionListener, org.springframework.boot.test.mock.mockito.MockitoTestExecutionListener, org.springframework.boot.test.mock.mockito.ResetMocksTestExecutionListener, org.springframework.test.context.web.ServletTestExecutionListener, org.springframework.test.context.support.DirtiesContextBeforeModesTestExecutionListener, org.springframework.test.context.support.DependencyInjectionTestExecutionListener, org.springframework.test.context.support.DirtiesContextTestExecutionListener, org.springframework.test.context.transaction.TransactionalTestExecutionListener, org.springframework.test.context.jdbc.SqlScriptsTestExecutionListener]
2020-04-11 15:20:15.326  INFO 2496 --- [    Test worker] .b.t.c.SpringBootTestContextBootstrapper : Using TestExecutionListeners: [org.springframework.test.context.web.ServletTestExecutionListener@1dc3d008, org.springframework.test.context.support.DirtiesContextBeforeModesTestExecutionListener@22d96b20, org.springframework.boot.test.mock.mockito.MockitoTestExecutionListener@49cc3e45, org.springframework.boot.test.autoconfigure.SpringBootDependencyInjectionTestExecutionListener@179f4805, org.springframework.test.context.support.DirtiesContextTestExecutionListener@14df896e, org.springframework.test.context.transaction.TransactionalTestExecutionListener@7db670be, org.springframework.test.context.jdbc.SqlScriptsTestExecutionListener@55a0575b, org.springframework.security.test.context.support.WithSecurityContextTestExecutionListener@3812e28a, org.springframework.security.test.context.support.ReactorContextTestExecutionListener@50ee881f, org.springframework.boot.test.autoconfigure.restdocs.RestDocsTestExecutionListener@1e13313c, org.springframework.boot.test.autoconfigure.web.client.MockRestServiceServerResetTestExecutionListener@495eb72a, org.springframework.boot.test.autoconfigure.web.servlet.MockMvcPrintOnlyOnFailureTestExecutionListener@66f71a39, org.springframework.boot.test.autoconfigure.web.servlet.WebDriverTestExecutionListener@427dc888, org.springframework.boot.test.mock.mockito.ResetMocksTestExecutionListener@45e08b2a]
2020-04-11 15:20:15.439  INFO 2496 --- [o-auto-1-exec-1] o.a.c.c.C.[Tomcat].[localhost].[/]       : Initializing Spring DispatcherServlet 'dispatcherServlet'
2020-04-11 15:20:15.440  INFO 2496 --- [o-auto-1-exec-1] o.s.web.servlet.DispatcherServlet        : Initializing Servlet 'dispatcherServlet'
2020-04-11 15:20:15.442  INFO 2496 --- [o-auto-1-exec-1] o.s.web.servlet.DispatcherServlet        : Completed initialization in 2 ms
Hibernate: select posts0_.id as id1_0_, posts0_.created_date as created_2_0_, posts0_.modified_date as modified3_0_, posts0_.author as author4_0_, posts0_.content as content5_0_, posts0_.title as title6_0_ from posts posts0_ order by posts0_.id desc
]]></system-out>
  <system-err><![CDATA[]]></system-err>
</testsuite>
