<?xml version="1.0" encoding="UTF-8"?>
<testsuite name="com.hyebin.springboot.HelloControllerTest" tests="2" skipped="0" failures="0" errors="0" timestamp="2020-05-21T10:35:29" hostname="DESKTOP-T8443OQ" time="0.163">
  <properties/>
  <testcase name="hello가_리턴된다" classname="com.hyebin.springboot.HelloControllerTest" time="0.074"/>
  <testcase name="helloDto가_리턴된다" classname="com.hyebin.springboot.HelloControllerTest" time="0.088"/>
  <system-out><![CDATA[2020-05-21 19:35:28.766  INFO 14600 --- [    Test worker] .b.t.a.w.s.WebMvcTestContextBootstrapper : Neither @ContextConfiguration nor @ContextHierarchy found for test class [com.hyebin.springboot.HelloControllerTest], using SpringBootContextLoader
2020-05-21 19:35:28.768  INFO 14600 --- [    Test worker] o.s.t.c.support.AbstractContextLoader    : Could not detect default resource locations for test class [com.hyebin.springboot.HelloControllerTest]: no resource found for suffixes {-context.xml, Context.groovy}.
2020-05-21 19:35:28.768  INFO 14600 --- [    Test worker] t.c.s.AnnotationConfigContextLoaderUtils : Could not detect default configuration classes for test class [com.hyebin.springboot.HelloControllerTest]: HelloControllerTest does not declare any static, non-private, non-final, nested classes annotated with @Configuration.
2020-05-21 19:35:28.794  INFO 14600 --- [    Test worker] .b.t.c.SpringBootTestContextBootstrapper : Found @SpringBootConfiguration com.hyebin.springboot.Application for test class com.hyebin.springboot.HelloControllerTest
2020-05-21 19:35:28.795  INFO 14600 --- [    Test worker] .b.t.a.w.s.WebMvcTestContextBootstrapper : Loaded default TestExecutionListener class names from location [META-INF/spring.factories]: [org.springframework.security.test.context.support.WithSecurityContextTestExecutionListener, org.springframework.security.test.context.support.ReactorContextTestExecutionListener, org.springframework.boot.test.autoconfigure.restdocs.RestDocsTestExecutionListener, org.springframework.boot.test.autoconfigure.web.client.MockRestServiceServerResetTestExecutionListener, org.springframework.boot.test.autoconfigure.web.servlet.MockMvcPrintOnlyOnFailureTestExecutionListener, org.springframework.boot.test.autoconfigure.web.servlet.WebDriverTestExecutionListener, org.springframework.boot.test.mock.mockito.MockitoTestExecutionListener, org.springframework.boot.test.mock.mockito.ResetMocksTestExecutionListener, org.springframework.test.context.web.ServletTestExecutionListener, org.springframework.test.context.support.DirtiesContextBeforeModesTestExecutionListener, org.springframework.test.context.support.DependencyInjectionTestExecutionListener, org.springframework.test.context.support.DirtiesContextTestExecutionListener, org.springframework.test.context.transaction.TransactionalTestExecutionListener, org.springframework.test.context.jdbc.SqlScriptsTestExecutionListener]
2020-05-21 19:35:28.797  INFO 14600 --- [    Test worker] .b.t.a.w.s.WebMvcTestContextBootstrapper : Using TestExecutionListeners: [org.springframework.test.context.web.ServletTestExecutionListener@24f7da9f, org.springframework.test.context.support.DirtiesContextBeforeModesTestExecutionListener@25e08668, org.springframework.boot.test.mock.mockito.MockitoTestExecutionListener@4f3acc65, org.springframework.boot.test.autoconfigure.SpringBootDependencyInjectionTestExecutionListener@66757c99, org.springframework.test.context.support.DirtiesContextTestExecutionListener@7ccc71ea, org.springframework.test.context.transaction.TransactionalTestExecutionListener@5d3e7bdd, org.springframework.test.context.jdbc.SqlScriptsTestExecutionListener@447eddfb, org.springframework.security.test.context.support.WithSecurityContextTestExecutionListener@922e059, org.springframework.security.test.context.support.ReactorContextTestExecutionListener@16fe83b6, org.springframework.boot.test.autoconfigure.restdocs.RestDocsTestExecutionListener@3830e227, org.springframework.boot.test.autoconfigure.web.client.MockRestServiceServerResetTestExecutionListener@a9361df, org.springframework.boot.test.autoconfigure.web.servlet.MockMvcPrintOnlyOnFailureTestExecutionListener@14ad78fc, org.springframework.boot.test.autoconfigure.web.servlet.WebDriverTestExecutionListener@762cbaec, org.springframework.boot.test.mock.mockito.ResetMocksTestExecutionListener@49325fd4]

  .   ____          _            __ _ _
 /\\ / ___'_ __ _ _(_)_ __  __ _ \ \ \ \
( ( )\___ | '_ | '_| | '_ \/ _` | \ \ \ \
 \\/  ___)| |_)| | | | | || (_| |  ) ) ) )
  '  |____| .__|_| |_|_| |_\__, | / / / /
 =========|_|==============|___/=/_/_/_/
 :: Spring Boot ::        (v2.1.7.RELEASE)

2020-05-21 19:35:28.870  INFO 14600 --- [    Test worker] c.hyebin.springboot.HelloControllerTest  : Starting HelloControllerTest on DESKTOP-T8443OQ with PID 14600 (started by user in C:\Users\user\Documents\GitHub\SpringBoot-WebService)
2020-05-21 19:35:28.870  INFO 14600 --- [    Test worker] c.hyebin.springboot.HelloControllerTest  : The following profiles are active: oauth
2020-05-21 19:35:29.444  INFO 14600 --- [    Test worker] o.s.s.concurrent.ThreadPoolTaskExecutor  : Initializing ExecutorService 'applicationTaskExecutor'
2020-05-21 19:35:29.477  INFO 14600 --- [    Test worker] o.s.b.a.w.s.WelcomePageHandlerMapping    : Adding welcome page template: index
2020-05-21 19:35:29.680  INFO 14600 --- [    Test worker] .s.s.UserDetailsServiceAutoConfiguration : 

Using generated security password: 30828ae8-a5d2-4f77-8ce4-6766d56805b9

2020-05-21 19:35:29.822  INFO 14600 --- [    Test worker] o.s.s.web.DefaultSecurityFilterChain     : Creating filter chain: any request, [org.springframework.security.web.context.request.async.WebAsyncManagerIntegrationFilter@2351baab, org.springframework.security.web.context.SecurityContextPersistenceFilter@5c0d4743, org.springframework.security.web.header.HeaderWriterFilter@33916666, org.springframework.security.web.csrf.CsrfFilter@16afca8b, org.springframework.security.web.authentication.logout.LogoutFilter@3812f20a, org.springframework.security.web.authentication.UsernamePasswordAuthenticationFilter@6cae0415, org.springframework.security.web.authentication.ui.DefaultLoginPageGeneratingFilter@b4c2abf, org.springframework.security.web.authentication.ui.DefaultLogoutPageGeneratingFilter@840d827, org.springframework.security.web.authentication.www.BasicAuthenticationFilter@20f64516, org.springframework.security.web.savedrequest.RequestCacheAwareFilter@7857e2e0, org.springframework.security.web.servletapi.SecurityContextHolderAwareRequestFilter@404d09da, org.springframework.security.web.authentication.AnonymousAuthenticationFilter@1a0ce2cc, org.springframework.security.web.session.SessionManagementFilter@5b02090d, org.springframework.security.web.access.ExceptionTranslationFilter@4afdc072, org.springframework.security.web.access.intercept.FilterSecurityInterceptor@36cc9720]
2020-05-21 19:35:29.855  INFO 14600 --- [    Test worker] o.s.b.t.m.w.SpringBootMockServletContext : Initializing Spring TestDispatcherServlet ''
2020-05-21 19:35:29.855  INFO 14600 --- [    Test worker] o.s.t.web.servlet.TestDispatcherServlet  : Initializing Servlet ''
2020-05-21 19:35:29.870  INFO 14600 --- [    Test worker] o.s.t.web.servlet.TestDispatcherServlet  : Completed initialization in 15 ms
2020-05-21 19:35:29.903  INFO 14600 --- [    Test worker] c.hyebin.springboot.HelloControllerTest  : Started HelloControllerTest in 1.104 seconds (JVM running for 8.427)
1234
]]></system-out>
  <system-err><![CDATA[]]></system-err>
</testsuite>
