<?xml version="1.0" encoding="UTF-8"?>
<testsuite name="com.example.web.domain.posts.PostsRepositoryTest" tests="2" skipped="0" failures="0" errors="0" timestamp="2020-04-11T06:20:15" hostname="DESKTOP-EBC4388" time="0.035">
  <properties/>
  <testcase name="registerBaseTimeEntity" classname="com.example.web.domain.posts.PostsRepositoryTest" time="0.022"/>
  <testcase name="getListItem" classname="com.example.web.domain.posts.PostsRepositoryTest" time="0.012"/>
  <system-out><![CDATA[2020-04-11 15:20:13.380  INFO 2496 --- [    Test worker] .b.t.c.SpringBootTestContextBootstrapper : Neither @ContextConfiguration nor @ContextHierarchy found for test class [com.example.web.domain.posts.PostsRepositoryTest], using SpringBootContextLoader
2020-04-11 15:20:13.383  INFO 2496 --- [    Test worker] o.s.t.c.support.AbstractContextLoader    : Could not detect default resource locations for test class [com.example.web.domain.posts.PostsRepositoryTest]: no resource found for suffixes {-context.xml, Context.groovy}.
2020-04-11 15:20:13.420  INFO 2496 --- [    Test worker] t.c.s.AnnotationConfigContextLoaderUtils : Could not detect default configuration classes for test class [com.example.web.domain.posts.PostsRepositoryTest]: PostsRepositoryTest does not declare any static, non-private, non-final, nested classes annotated with @Configuration.
2020-04-11 15:20:13.449  INFO 2496 --- [    Test worker] .b.t.c.SpringBootTestContextBootstrapper : Found @SpringBootConfiguration com.example.Application for test class com.example.web.domain.posts.PostsRepositoryTest
2020-04-11 15:20:13.457  INFO 2496 --- [    Test worker] .b.t.c.SpringBootTestContextBootstrapper : Loaded default TestExecutionListener class names from location [META-INF/spring.factories]: [org.springframework.security.test.context.support.WithSecurityContextTestExecutionListener, org.springframework.security.test.context.support.ReactorContextTestExecutionListener, org.springframework.boot.test.autoconfigure.restdocs.RestDocsTestExecutionListener, org.springframework.boot.test.autoconfigure.web.client.MockRestServiceServerResetTestExecutionListener, org.springframework.boot.test.autoconfigure.web.servlet.MockMvcPrintOnlyOnFailureTestExecutionListener, org.springframework.boot.test.autoconfigure.web.servlet.WebDriverTestExecutionListener, org.springframework.boot.test.mock.mockito.MockitoTestExecutionListener, org.springframework.boot.test.mock.mockito.ResetMocksTestExecutionListener, org.springframework.test.context.web.ServletTestExecutionListener, org.springframework.test.context.support.DirtiesContextBeforeModesTestExecutionListener, org.springframework.test.context.support.DependencyInjectionTestExecutionListener, org.springframework.test.context.support.DirtiesContextTestExecutionListener, org.springframework.test.context.transaction.TransactionalTestExecutionListener, org.springframework.test.context.jdbc.SqlScriptsTestExecutionListener]
2020-04-11 15:20:13.460  INFO 2496 --- [    Test worker] .b.t.c.SpringBootTestContextBootstrapper : Using TestExecutionListeners: [org.springframework.test.context.web.ServletTestExecutionListener@608d0272, org.springframework.test.context.support.DirtiesContextBeforeModesTestExecutionListener@31965877, org.springframework.boot.test.mock.mockito.MockitoTestExecutionListener@2921e5ec, org.springframework.boot.test.autoconfigure.SpringBootDependencyInjectionTestExecutionListener@7ddbda8c, org.springframework.test.context.support.DirtiesContextTestExecutionListener@75cdc9d7, org.springframework.test.context.transaction.TransactionalTestExecutionListener@761b72f9, org.springframework.test.context.jdbc.SqlScriptsTestExecutionListener@50b3e753, org.springframework.security.test.context.support.WithSecurityContextTestExecutionListener@739f5873, org.springframework.security.test.context.support.ReactorContextTestExecutionListener@6807a4a6, org.springframework.boot.test.autoconfigure.restdocs.RestDocsTestExecutionListener@45a69fe5, org.springframework.boot.test.autoconfigure.web.client.MockRestServiceServerResetTestExecutionListener@ae0617d, org.springframework.boot.test.autoconfigure.web.servlet.MockMvcPrintOnlyOnFailureTestExecutionListener@335ec92, org.springframework.boot.test.autoconfigure.web.servlet.WebDriverTestExecutionListener@56425ac6, org.springframework.boot.test.mock.mockito.ResetMocksTestExecutionListener@276abe5c]

  .   ____          _            __ _ _
 /\\ / ___'_ __ _ _(_)_ __  __ _ \ \ \ \
( ( )\___ | '_ | '_| | '_ \/ _` | \ \ \ \
 \\/  ___)| |_)| | | | | || (_| |  ) ) ) )
  '  |____| .__|_| |_|_| |_\__, | / / / /
 =========|_|==============|___/=/_/_/_/
 :: Spring Boot ::        (v2.1.7.RELEASE)

2020-04-11 15:20:13.566  INFO 2496 --- [    Test worker] c.e.w.domain.posts.PostsRepositoryTest   : Starting PostsRepositoryTest on DESKTOP-EBC4388 with PID 2496 (started by User in C:\Users\User\Desktop\SpringBoot-WebService)
2020-04-11 15:20:13.568  INFO 2496 --- [    Test worker] c.e.w.domain.posts.PostsRepositoryTest   : No active profile set, falling back to default profiles: default
2020-04-11 15:20:13.902  INFO 2496 --- [    Test worker] .s.d.r.c.RepositoryConfigurationDelegate : Bootstrapping Spring Data repositories in DEFAULT mode.
2020-04-11 15:20:13.944  INFO 2496 --- [    Test worker] .s.d.r.c.RepositoryConfigurationDelegate : Finished Spring Data repository scanning in 42ms. Found 2 repository interfaces.
2020-04-11 15:20:14.054  INFO 2496 --- [    Test worker] trationDelegate$BeanPostProcessorChecker : Bean 'org.springframework.transaction.annotation.ProxyTransactionManagementConfiguration' of type [org.springframework.transaction.annotation.ProxyTransactionManagementConfiguration$$EnhancerBySpringCGLIB$$aa42390b] is not eligible for getting processed by all BeanPostProcessors (for example: not eligible for auto-proxying)
2020-04-11 15:20:14.143  INFO 2496 --- [    Test worker] com.zaxxer.hikari.HikariDataSource       : HikariPool-2 - Starting...
2020-04-11 15:20:14.144  INFO 2496 --- [    Test worker] com.zaxxer.hikari.HikariDataSource       : HikariPool-2 - Start completed.
2020-04-11 15:20:14.170  INFO 2496 --- [    Test worker] o.hibernate.jpa.internal.util.LogHelper  : HHH000204: Processing PersistenceUnitInfo [
	name: default
	...]
2020-04-11 15:20:14.181  INFO 2496 --- [    Test worker] org.hibernate.dialect.Dialect            : HHH000400: Using dialect: org.hibernate.dialect.MySQL5InnoDBDialect
Hibernate: drop table if exists posts
Hibernate: drop table if exists user
Hibernate: create table posts (id bigint not null auto_increment, created_date datetime, modified_date datetime, author varchar(255), content TEXT not null, title varchar(500) not null, primary key (id)) engine=InnoDB
Hibernate: create table user (id bigint not null auto_increment, created_date datetime, modified_date datetime, email varchar(255) not null, name varchar(255) not null, picture varchar(255), role varchar(255) not null, primary key (id)) engine=InnoDB
2020-04-11 15:20:14.232  INFO 2496 --- [    Test worker] o.h.t.schema.internal.SchemaCreatorImpl  : HHH000476: Executing import script 'org.hibernate.tool.schema.internal.exec.ScriptSourceInputNonExistentImpl@3920858c'
2020-04-11 15:20:14.232  INFO 2496 --- [    Test worker] j.LocalContainerEntityManagerFactoryBean : Initialized JPA EntityManagerFactory for persistence unit 'default'
2020-04-11 15:20:14.341  INFO 2496 --- [    Test worker] o.h.h.i.QueryTranslatorFactoryInitiator  : HHH000397: Using ASTQueryTranslatorFactory
2020-04-11 15:20:14.628  INFO 2496 --- [    Test worker] o.s.s.web.DefaultSecurityFilterChain     : Creating filter chain: any request, [org.springframework.security.web.context.request.async.WebAsyncManagerIntegrationFilter@26db5237, org.springframework.security.web.context.SecurityContextPersistenceFilter@4f5ddadc, org.springframework.security.web.header.HeaderWriterFilter@37f06dc4, org.springframework.security.web.authentication.logout.LogoutFilter@4d1d9ee5, org.springframework.security.oauth2.client.web.OAuth2AuthorizationRequestRedirectFilter@c6807af, org.springframework.security.oauth2.client.web.OAuth2LoginAuthenticationFilter@2b88285f, org.springframework.security.web.authentication.ui.DefaultLoginPageGeneratingFilter@6cb73295, org.springframework.security.web.authentication.ui.DefaultLogoutPageGeneratingFilter@688ed199, org.springframework.security.web.savedrequest.RequestCacheAwareFilter@73e22990, org.springframework.security.web.servletapi.SecurityContextHolderAwareRequestFilter@4748e465, org.springframework.security.web.authentication.AnonymousAuthenticationFilter@2497f658, org.springframework.security.web.session.SessionManagementFilter@bc40203, org.springframework.security.web.access.ExceptionTranslationFilter@544d19ce, org.springframework.security.web.access.intercept.FilterSecurityInterceptor@28bcd4e9]
2020-04-11 15:20:14.911  INFO 2496 --- [    Test worker] o.s.s.concurrent.ThreadPoolTaskExecutor  : Initializing ExecutorService 'applicationTaskExecutor'
2020-04-11 15:20:14.922  WARN 2496 --- [    Test worker] aWebConfiguration$JpaWebMvcConfiguration : spring.jpa.open-in-view is enabled by default. Therefore, database queries may be performed during view rendering. Explicitly configure spring.jpa.open-in-view to disable this warning
2020-04-11 15:20:14.947  INFO 2496 --- [    Test worker] o.s.b.a.w.s.WelcomePageHandlerMapping    : Adding welcome page template: index
2020-04-11 15:20:15.276  INFO 2496 --- [    Test worker] s.a.ScheduledAnnotationBeanPostProcessor : No TaskScheduler/ScheduledExecutorService bean found for scheduled processing
2020-04-11 15:20:15.278  INFO 2496 --- [    Test worker] c.e.w.domain.posts.PostsRepositoryTest   : Started PostsRepositoryTest in 1.802 seconds (JVM running for 11.668)
Hibernate: insert into posts (created_date, modified_date, author, content, title) values (?, ?, ?, ?, ?)
Hibernate: select posts0_.id as id1_0_, posts0_.created_date as created_2_0_, posts0_.modified_date as modified3_0_, posts0_.author as author4_0_, posts0_.content as content5_0_, posts0_.title as title6_0_ from posts posts0_
>>>>>>>>>>>>>>>>>>> createdDate=2020-04-11T15:20:15.292636modifiedDate= 2020-04-11T15:20:15.292636
Hibernate: select posts0_.id as id1_0_, posts0_.created_date as created_2_0_, posts0_.modified_date as modified3_0_, posts0_.author as author4_0_, posts0_.content as content5_0_, posts0_.title as title6_0_ from posts posts0_
Hibernate: delete from posts where id=?
Hibernate: insert into posts (created_date, modified_date, author, content, title) values (?, ?, ?, ?, ?)
Hibernate: select posts0_.id as id1_0_, posts0_.created_date as created_2_0_, posts0_.modified_date as modified3_0_, posts0_.author as author4_0_, posts0_.content as content5_0_, posts0_.title as title6_0_ from posts posts0_
Hibernate: select posts0_.id as id1_0_, posts0_.created_date as created_2_0_, posts0_.modified_date as modified3_0_, posts0_.author as author4_0_, posts0_.content as content5_0_, posts0_.title as title6_0_ from posts posts0_
Hibernate: delete from posts where id=?
]]></system-out>
  <system-err><![CDATA[]]></system-err>
</testsuite>
